[09-Jun-2016 21:25:34 UTC] PHP Fatal error:  Call to undefined function zo_page_class() in /Users/micho/Documents/cuervo/sitios/price-point/wp-content/themes/lucian/header-404.php on line 23
[09-Jun-2016 21:25:40 UTC] PHP Fatal error:  Call to undefined function zo_page_class() in /Users/micho/Documents/cuervo/sitios/price-point/wp-content/themes/lucian/header-404.php on line 23
[09-Jun-2016 21:26:55 UTC] PHP Fatal error:  Call to undefined function zo_page_class() in /Users/micho/Documents/cuervo/sitios/price-point/wp-content/themes/lucian/header-404.php on line 23
[09-Jun-2016 21:27:30 UTC] PHP Fatal error:  Call to undefined function zo_page_class() in /Users/micho/Documents/cuervo/sitios/price-point/wp-content/themes/lucian/header-404.php on line 23
[09-Jun-2016 21:27:40 UTC] PHP Fatal error:  Call to undefined function get_fact_sheet_download_email_body() in /Users/micho/Documents/cuervo/sitios/price-point/wp-content/themes/lucian/functions.php on line 1049
[09-Jun-2016 21:28:44 UTC] PHP Fatal error:  Call to undefined function zo_page_class() in /Users/micho/Documents/cuervo/sitios/price-point/wp-content/themes/lucian/header-404.php on line 23
[09-Jun-2016 21:28:53 UTC] PHP Fatal error:  Call to undefined function get_fact_sheet_download_email_body() in /Users/micho/Documents/cuervo/sitios/price-point/wp-content/themes/lucian/functions.php on line 1049
[09-Jun-2016 21:29:17 UTC] PHP Fatal error:  Call to undefined function get_fact_sheet_download_email_body() in /Users/micho/Documents/cuervo/sitios/price-point/wp-content/themes/lucian/functions.php on line 1049
[09-Jun-2016 21:30:10 UTC] PHP Notice:  Undefined variable: name in /Users/micho/Documents/cuervo/sitios/price-point/wp-content/themes/lucian/functions.php on line 1039
[09-Jun-2016 21:30:22 UTC] PHP Notice:  Undefined variable: name in /Users/micho/Documents/cuervo/sitios/price-point/wp-content/themes/lucian/functions.php on line 1041
[09-Jun-2016 21:53:13 UTC] PHP Notice:  Trying to get property of non-object in /Users/chiragsharma/Documents/sites/price-point/wp-includes/post.php on line 1708
[09-Jun-2016 21:53:13 UTC] PHP Notice:  Trying to get property of non-object in /Users/chiragsharma/Documents/sites/price-point/wp-includes/post.php on line 1708
[09-Jun-2016 21:53:15 UTC] PHP Notice:  Trying to get property of non-object in /Users/chiragsharma/Documents/sites/price-point/wp-content/themes/lucian/vc_templates/zo_grid--testimonial.php on line 54
[09-Jun-2016 21:53:15 UTC] PHP Notice:  Trying to get property of non-object in /Users/chiragsharma/Documents/sites/price-point/wp-content/themes/lucian/vc_templates/zo_grid--testimonial.php on line 54
[09-Jun-2016 21:53:39 UTC] PHP Notice:  Trying to get property of non-object in /Users/chiragsharma/Documents/sites/price-point/wp-content/themes/lucian/vc_templates/zo_grid--testimonial.php on line 54
[09-Jun-2016 21:54:32 UTC] PHP Notice:  Trying to get property of non-object in /Users/chiragsharma/Documents/sites/price-point/wp-content/themes/lucian/vc_templates/zo_grid--testimonial.php on line 54
[09-Jun-2016 21:54:35 UTC] PHP Fatal error:  Call to undefined function zo_page_class() in /Users/chiragsharma/Documents/sites/price-point/wp-content/themes/lucian/header-404.php on line 23
[09-Jun-2016 21:55:12 UTC] PHP Notice:  Trying to get property of non-object in /Users/chiragsharma/Documents/sites/price-point/wp-content/themes/lucian/vc_templates/zo_grid--testimonial.php on line 54
[09-Jun-2016 21:55:16 UTC] PHP Fatal error:  Call to undefined function zo_page_class() in /Users/chiragsharma/Documents/sites/price-point/wp-content/themes/lucian/header-404.php on line 23
[09-Jun-2016 21:56:37 UTC] PHP Fatal error:  Call to undefined function zo_page_class() in /Users/chiragsharma/Documents/sites/price-point/wp-content/themes/lucian/header-404.php on line 23
[09-Jun-2016 21:56:45 UTC] PHP Fatal error:  Call to undefined function zo_page_class() in /Users/chiragsharma/Documents/sites/price-point/wp-content/themes/lucian/header-404.php on line 23
[09-Jun-2016 21:57:04 UTC] PHP Fatal error:  Call to undefined function zo_page_class() in /Users/chiragsharma/Documents/sites/price-point/wp-content/themes/lucian/header-404.php on line 23
[09-Jun-2016 21:57:08 UTC] PHP Fatal error:  Call to undefined function zo_page_class() in /Users/chiragsharma/Documents/sites/price-point/wp-content/themes/lucian/header-404.php on line 23
[09-Jun-2016 21:57:47 UTC] PHP Fatal error:  Call to undefined function zo_page_class() in /Users/chiragsharma/Documents/sites/price-point/wp-content/themes/lucian/header-404.php on line 23
[09-Jun-2016 21:57:51 UTC] PHP Fatal error:  Call to undefined function zo_page_class() in /Users/chiragsharma/Documents/sites/price-point/wp-content/themes/lucian/header-404.php on line 23
[09-Jun-2016 21:58:08 UTC] PHP Notice:  Trying to get property of non-object in /Users/chiragsharma/Documents/sites/price-point/wp-content/themes/lucian/vc_templates/zo_grid--testimonial.php on line 54
[09-Jun-2016 21:58:28 UTC] PHP Fatal error:  Call to undefined function zo_page_class() in /Users/chiragsharma/Documents/sites/price-point/wp-content/themes/lucian/header-404.php on line 23
[09-Jun-2016 21:58:51 UTC] PHP Fatal error:  Call to undefined function zo_page_class() in /Users/chiragsharma/Documents/sites/price-point/wp-content/themes/lucian/header-404.php on line 23
[09-Jun-2016 21:59:11 UTC] PHP Notice:  Trying to get property of non-object in /Users/chiragsharma/Documents/sites/price-point/wp-content/themes/lucian/vc_templates/zo_grid--testimonial.php on line 54
[09-Jun-2016 22:00:01 UTC] PHP Fatal error:  Call to undefined function zo_page_class() in /Users/chiragsharma/Documents/sites/price-point/wp-content/themes/lucian/header-404.php on line 23
[09-Jun-2016 22:00:38 UTC] PHP Fatal error:  Call to undefined function zo_page_class() in /Users/chiragsharma/Documents/sites/price-point/wp-content/themes/lucian/header-404.php on line 23
[09-Jun-2016 22:00:46 UTC] PHP Fatal error:  Call to undefined function zo_page_class() in /Users/chiragsharma/Documents/sites/price-point/wp-content/themes/lucian/header-404.php on line 23
[09-Jun-2016 22:00:46 UTC] PHP Fatal error:  Call to undefined function zo_page_class() in /Users/chiragsharma/Documents/sites/price-point/wp-content/themes/lucian/header-404.php on line 23
[09-Jun-2016 22:00:48 UTC] PHP Fatal error:  Call to undefined function zo_page_class() in /Users/chiragsharma/Documents/sites/price-point/wp-content/themes/lucian/header-404.php on line 23
[09-Jun-2016 22:02:13 UTC] PHP Fatal error:  Call to undefined function zo_page_class() in /Users/chiragsharma/Documents/sites/price-point/wp-content/themes/lucian/header-404.php on line 23
[09-Jun-2016 22:02:15 UTC] PHP Fatal error:  Call to undefined function zo_page_class() in /Users/chiragsharma/Documents/sites/price-point/wp-content/themes/lucian/header-404.php on line 23
[09-Jun-2016 22:02:50 UTC] PHP Fatal error:  Call to undefined function zo_page_class() in /Users/chiragsharma/Documents/sites/price-point/wp-content/themes/lucian/header-404.php on line 23
[09-Jun-2016 22:02:58 UTC] PHP Fatal error:  Call to undefined function zo_page_class() in /Users/chiragsharma/Documents/sites/price-point/wp-content/themes/lucian/header-404.php on line 23
[09-Jun-2016 22:04:35 UTC] PHP Fatal error:  Call to undefined function zo_page_class() in /Users/chiragsharma/Documents/sites/price-point/wp-content/themes/lucian/header-404.php on line 23
[09-Jun-2016 22:04:41 UTC] PHP Fatal error:  Call to undefined function zo_page_class() in /Users/chiragsharma/Documents/sites/price-point/wp-content/themes/lucian/header-404.php on line 23
[09-Jun-2016 22:05:15 UTC] PHP Fatal error:  Call to undefined function zo_page_class() in /Users/chiragsharma/Documents/sites/price-point/wp-content/themes/lucian/header-404.php on line 23
[09-Jun-2016 22:05:52 UTC] PHP Fatal error:  Call to undefined function zo_page_class() in /Users/chiragsharma/Documents/sites/price-point/wp-content/themes/lucian/header-404.php on line 23
[09-Jun-2016 22:05:55 UTC] PHP Fatal error:  Call to undefined function zo_page_class() in /Users/chiragsharma/Documents/sites/price-point/wp-content/themes/lucian/header-404.php on line 23
[09-Jun-2016 22:06:00 UTC] PHP Fatal error:  Call to undefined function zo_page_class() in /Users/chiragsharma/Documents/sites/price-point/wp-content/themes/lucian/header-404.php on line 23
[09-Jun-2016 22:06:03 UTC] PHP Fatal error:  Call to undefined function zo_page_class() in /Users/chiragsharma/Documents/sites/price-point/wp-content/themes/lucian/header-404.php on line 23
[09-Jun-2016 22:06:04 UTC] PHP Fatal error:  Call to undefined function zo_page_class() in /Users/chiragsharma/Documents/sites/price-point/wp-content/themes/lucian/header-404.php on line 23
[09-Jun-2016 22:06:07 UTC] PHP Fatal error:  Call to undefined function zo_page_class() in /Users/chiragsharma/Documents/sites/price-point/wp-content/themes/lucian/header-404.php on line 23
[09-Jun-2016 22:06:38 UTC] PHP Fatal error:  Call to undefined function zo_page_class() in /Users/chiragsharma/Documents/sites/price-point/wp-content/themes/lucian/header-404.php on line 23
[09-Jun-2016 22:06:51 UTC] PHP Fatal error:  Call to undefined function zo_page_class() in /Users/chiragsharma/Documents/sites/price-point/wp-content/themes/lucian/header-404.php on line 23
[09-Jun-2016 22:07:24 UTC] PHP Fatal error:  Call to undefined function zo_page_class() in /Users/chiragsharma/Documents/sites/price-point/wp-content/themes/lucian/header-404.php on line 23
[09-Jun-2016 22:07:36 UTC] PHP Fatal error:  Call to undefined function zo_page_class() in /Users/chiragsharma/Documents/sites/price-point/wp-content/themes/lucian/header-404.php on line 23
[09-Jun-2016 22:07:45 UTC] PHP Fatal error:  Call to undefined function zo_page_class() in /Users/chiragsharma/Documents/sites/price-point/wp-content/themes/lucian/header-404.php on line 23
[09-Jun-2016 22:08:19 UTC] PHP Notice:  Trying to get property of non-object in /Users/chiragsharma/Documents/sites/price-point/wp-content/themes/lucian/vc_templates/zo_grid--testimonial.php on line 54
[09-Jun-2016 22:08:23 UTC] PHP Fatal error:  Call to undefined function zo_page_class() in /Users/chiragsharma/Documents/sites/price-point/wp-content/themes/lucian/header-404.php on line 23
[09-Jun-2016 22:09:10 UTC] PHP Fatal error:  Call to undefined function zo_page_class() in /Users/chiragsharma/Documents/sites/price-point/wp-content/themes/lucian/header-404.php on line 23
[09-Jun-2016 22:10:53 UTC] PHP Fatal error:  Call to undefined function zo_page_class() in /Users/chiragsharma/Documents/sites/price-point/wp-content/themes/lucian/header-404.php on line 23
[09-Jun-2016 22:11:02 UTC] PHP Fatal error:  Call to undefined function zo_page_class() in /Users/chiragsharma/Documents/sites/price-point/wp-content/themes/lucian/header-404.php on line 23
[09-Jun-2016 22:17:14 UTC] PHP Fatal error:  Call to undefined function zo_page_class() in /Users/chiragsharma/Documents/sites/price-point/wp-content/themes/lucian/header-404.php on line 23
[09-Jun-2016 22:18:12 UTC] PHP Fatal error:  Call to undefined function zo_page_class() in /Users/chiragsharma/Documents/sites/price-point/wp-content/themes/lucian/header-404.php on line 23
[09-Jun-2016 22:24:12 UTC] PHP Fatal error:  Call to undefined function zo_page_class() in /Users/chiragsharma/Documents/sites/price-point/wp-content/themes/lucian/header-404.php on line 23
[09-Jun-2016 22:25:20 UTC] PHP Fatal error:  Call to undefined function zo_page_class() in /Users/chiragsharma/Documents/sites/price-point/wp-content/themes/lucian/header-404.php on line 23
[09-Jun-2016 22:28:58 UTC] PHP Fatal error:  Call to undefined function zo_page_class() in /Users/chiragsharma/Documents/sites/price-point/wp-content/themes/lucian/header-404.php on line 23
[09-Jun-2016 22:29:25 UTC] PHP Fatal error:  Call to undefined function zo_page_class() in /Users/chiragsharma/Documents/sites/price-point/wp-content/themes/lucian/header-404.php on line 23
[09-Jun-2016 22:29:59 UTC] PHP Fatal error:  Call to undefined function zo_page_class() in /Users/chiragsharma/Documents/sites/price-point/wp-content/themes/lucian/header-404.php on line 23
[09-Jun-2016 22:30:19 UTC] PHP Fatal error:  Call to undefined function zo_page_class() in /Users/chiragsharma/Documents/sites/price-point/wp-content/themes/lucian/header-404.php on line 23
[09-Jun-2016 22:30:22 UTC] PHP Fatal error:  Call to undefined function zo_page_class() in /Users/chiragsharma/Documents/sites/price-point/wp-content/themes/lucian/header-404.php on line 23
[09-Jun-2016 22:32:51 UTC] PHP Notice:  Trying to get property of non-object in /Users/chiragsharma/Documents/sites/price-point/wp-content/themes/lucian/vc_templates/zo_grid--testimonial.php on line 54
[09-Jun-2016 22:32:55 UTC] PHP Fatal error:  Call to undefined function zo_page_class() in /Users/chiragsharma/Documents/sites/price-point/wp-content/themes/lucian/header-404.php on line 23
[09-Jun-2016 22:36:15 UTC] PHP Fatal error:  Call to undefined function zo_page_class() in /Users/chiragsharma/Documents/sites/price-point/wp-content/themes/lucian/header-404.php on line 23
[09-Jun-2016 22:40:00 UTC] PHP Fatal error:  Call to undefined function zo_page_class() in /Users/chiragsharma/Documents/sites/price-point/wp-content/themes/lucian/header-404.php on line 23
[09-Jun-2016 22:40:29 UTC] PHP Fatal error:  Call to undefined function zo_page_class() in /Users/chiragsharma/Documents/sites/price-point/wp-content/themes/lucian/header-404.php on line 23
[09-Jun-2016 22:40:31 UTC] PHP Fatal error:  Call to undefined function zo_page_class() in /Users/chiragsharma/Documents/sites/price-point/wp-content/themes/lucian/header-404.php on line 23
[09-Jun-2016 22:40:31 UTC] PHP Fatal error:  Call to undefined function zo_page_class() in /Users/chiragsharma/Documents/sites/price-point/wp-content/themes/lucian/header-404.php on line 23
[09-Jun-2016 22:40:33 UTC] PHP Fatal error:  Call to undefined function zo_page_class() in /Users/chiragsharma/Documents/sites/price-point/wp-content/themes/lucian/header-404.php on line 23
[09-Jun-2016 22:40:34 UTC] PHP Fatal error:  Call to undefined function zo_page_class() in /Users/chiragsharma/Documents/sites/price-point/wp-content/themes/lucian/header-404.php on line 23
[09-Jun-2016 22:45:07 UTC] PHP Fatal error:  Call to undefined function zo_page_class() in /Users/chiragsharma/Documents/sites/price-point/wp-content/themes/lucian/header-404.php on line 23
[09-Jun-2016 22:45:13 UTC] PHP Notice:  Trying to get property of non-object in /Users/chiragsharma/Documents/sites/price-point/wp-content/themes/lucian/vc_templates/zo_grid--testimonial.php on line 54
[09-Jun-2016 22:47:30 UTC] PHP Notice:  Trying to get property of non-object in /Users/chiragsharma/Documents/sites/price-point/wp-includes/post.php on line 1708
[09-Jun-2016 22:47:30 UTC] PHP Notice:  Trying to get property of non-object in /Users/chiragsharma/Documents/sites/price-point/wp-includes/post.php on line 1708
[09-Jun-2016 22:47:33 UTC] PHP Notice:  Trying to get property of non-object in /Users/chiragsharma/Documents/sites/price-point/wp-content/themes/lucian/vc_templates/zo_grid--testimonial.php on line 54
[09-Jun-2016 22:47:33 UTC] PHP Notice:  Trying to get property of non-object in /Users/chiragsharma/Documents/sites/price-point/wp-content/themes/lucian/vc_templates/zo_grid--testimonial.php on line 54
[09-Jun-2016 22:48:31 UTC] PHP Fatal error:  Call to undefined function zo_page_class() in /Users/chiragsharma/Documents/sites/price-point/wp-content/themes/lucian/header-404.php on line 23
[09-Jun-2016 22:48:38 UTC] PHP Fatal error:  Call to undefined function zo_page_class() in /Users/chiragsharma/Documents/sites/price-point/wp-content/themes/lucian/header-404.php on line 23
[09-Jun-2016 22:48:43 UTC] PHP Notice:  Trying to get property of non-object in /Users/chiragsharma/Documents/sites/price-point/wp-content/themes/lucian/vc_templates/zo_grid--testimonial.php on line 54
[09-Jun-2016 22:48:51 UTC] PHP Fatal error:  Call to undefined function zo_page_class() in /Users/chiragsharma/Documents/sites/price-point/wp-content/themes/lucian/header-404.php on line 23
[09-Jun-2016 22:49:04 UTC] PHP Notice:  Trying to get property of non-object in /Users/chiragsharma/Documents/sites/price-point/wp-content/themes/lucian/vc_templates/zo_grid--testimonial.php on line 54
[09-Jun-2016 22:49:10 UTC] PHP Fatal error:  Call to undefined function zo_page_class() in /Users/chiragsharma/Documents/sites/price-point/wp-content/themes/lucian/header-404.php on line 23
[09-Jun-2016 22:49:11 UTC] PHP Fatal error:  Call to undefined function zo_page_class() in /Users/chiragsharma/Documents/sites/price-point/wp-content/themes/lucian/header-404.php on line 23
[09-Jun-2016 22:57:32 UTC] PHP Fatal error:  Call to undefined function zo_page_class() in /Users/chiragsharma/Documents/sites/price-point/wp-content/themes/lucian/header-404.php on line 23
[09-Jun-2016 22:57:51 UTC] PHP Fatal error:  Call to undefined function zo_page_class() in /Users/chiragsharma/Documents/sites/price-point/wp-content/themes/lucian/header-404.php on line 23
[09-Jun-2016 22:58:01 UTC] PHP Fatal error:  Call to undefined function zo_page_class() in /Users/chiragsharma/Documents/sites/price-point/wp-content/themes/lucian/header-404.php on line 23
[09-Jun-2016 22:59:26 UTC] PHP Fatal error:  Call to undefined function zo_page_class() in /Users/chiragsharma/Documents/sites/price-point/wp-content/themes/lucian/header-404.php on line 23
[09-Jun-2016 22:59:26 UTC] PHP Fatal error:  Call to undefined function zo_page_class() in /Users/chiragsharma/Documents/sites/price-point/wp-content/themes/lucian/header-404.php on line 23
[09-Jun-2016 22:59:41 UTC] PHP Fatal error:  Call to undefined function zo_page_class() in /Users/chiragsharma/Documents/sites/price-point/wp-content/themes/lucian/header-404.php on line 23
[09-Jun-2016 23:01:27 UTC] PHP Fatal error:  Call to undefined function zo_page_class() in /Users/chiragsharma/Documents/sites/price-point/wp-content/themes/lucian/header-404.php on line 23
[09-Jun-2016 23:01:55 UTC] PHP Fatal error:  Call to undefined function zo_page_class() in /Users/chiragsharma/Documents/sites/price-point/wp-content/themes/lucian/header-404.php on line 23
[09-Jun-2016 23:02:05 UTC] PHP Fatal error:  Call to undefined function zo_page_class() in /Users/chiragsharma/Documents/sites/price-point/wp-content/themes/lucian/header-404.php on line 23
[09-Jun-2016 23:02:12 UTC] PHP Fatal error:  Call to undefined function zo_page_class() in /Users/chiragsharma/Documents/sites/price-point/wp-content/themes/lucian/header-404.php on line 23
[09-Jun-2016 23:02:36 UTC] PHP Fatal error:  Call to undefined function zo_page_class() in /Users/chiragsharma/Documents/sites/price-point/wp-content/themes/lucian/header-404.php on line 23
[09-Jun-2016 23:03:30 UTC] PHP Fatal error:  Call to undefined function zo_page_class() in /Users/chiragsharma/Documents/sites/price-point/wp-content/themes/lucian/header-404.php on line 23
[09-Jun-2016 23:04:17 UTC] PHP Fatal error:  Call to undefined function zo_page_class() in /Users/chiragsharma/Documents/sites/price-point/wp-content/themes/lucian/header-404.php on line 23
[09-Jun-2016 23:04:24 UTC] PHP Fatal error:  Call to undefined function zo_page_class() in /Users/chiragsharma/Documents/sites/price-point/wp-content/themes/lucian/header-404.php on line 23
[09-Jun-2016 23:04:43 UTC] PHP Fatal error:  Call to undefined function zo_page_class() in /Users/chiragsharma/Documents/sites/price-point/wp-content/themes/lucian/header-404.php on line 23
[09-Jun-2016 23:05:24 UTC] PHP Fatal error:  Call to undefined function zo_page_class() in /Users/chiragsharma/Documents/sites/price-point/wp-content/themes/lucian/header-404.php on line 23
[09-Jun-2016 23:05:34 UTC] PHP Fatal error:  Call to undefined function zo_page_class() in /Users/chiragsharma/Documents/sites/price-point/wp-content/themes/lucian/header-404.php on line 23
[09-Jun-2016 23:05:45 UTC] PHP Fatal error:  Call to undefined function zo_page_class() in /Users/chiragsharma/Documents/sites/price-point/wp-content/themes/lucian/header-404.php on line 23
[09-Jun-2016 23:06:14 UTC] PHP Fatal error:  Call to undefined function zo_page_class() in /Users/chiragsharma/Documents/sites/price-point/wp-content/themes/lucian/header-404.php on line 23
[09-Jun-2016 23:06:24 UTC] PHP Fatal error:  Call to undefined function zo_page_class() in /Users/chiragsharma/Documents/sites/price-point/wp-content/themes/lucian/header-404.php on line 23
[09-Jun-2016 23:06:38 UTC] PHP Fatal error:  Call to undefined function zo_page_class() in /Users/chiragsharma/Documents/sites/price-point/wp-content/themes/lucian/header-404.php on line 23
[09-Jun-2016 23:06:53 UTC] PHP Fatal error:  Call to undefined function zo_page_class() in /Users/chiragsharma/Documents/sites/price-point/wp-content/themes/lucian/header-404.php on line 23
[09-Jun-2016 23:07:08 UTC] PHP Fatal error:  Call to undefined function zo_page_class() in /Users/chiragsharma/Documents/sites/price-point/wp-content/themes/lucian/header-404.php on line 23
[09-Jun-2016 23:07:19 UTC] PHP Fatal error:  Call to undefined function zo_page_class() in /Users/chiragsharma/Documents/sites/price-point/wp-content/themes/lucian/header-404.php on line 23
[09-Jun-2016 23:07:41 UTC] PHP Fatal error:  Call to undefined function zo_page_class() in /Users/chiragsharma/Documents/sites/price-point/wp-content/themes/lucian/header-404.php on line 23
[09-Jun-2016 23:08:33 UTC] PHP Fatal error:  Call to undefined function zo_page_class() in /Users/chiragsharma/Documents/sites/price-point/wp-content/themes/lucian/header-404.php on line 23
[09-Jun-2016 23:09:00 UTC] PHP Notice:  Trying to get property of non-object in /Users/chiragsharma/Documents/sites/price-point/wp-content/themes/lucian/vc_templates/zo_grid--testimonial.php on line 54
[09-Jun-2016 23:09:04 UTC] PHP Fatal error:  Call to undefined function zo_page_class() in /Users/chiragsharma/Documents/sites/price-point/wp-content/themes/lucian/header-404.php on line 23
[09-Jun-2016 23:09:52 UTC] PHP Fatal error:  Call to undefined function zo_page_class() in /Users/chiragsharma/Documents/sites/price-point/wp-content/themes/lucian/header-404.php on line 23
[09-Jun-2016 23:10:08 UTC] PHP Fatal error:  Call to undefined function zo_page_class() in /Users/chiragsharma/Documents/sites/price-point/wp-content/themes/lucian/header-404.php on line 23
[09-Jun-2016 23:10:18 UTC] PHP Fatal error:  Call to undefined function zo_page_class() in /Users/chiragsharma/Documents/sites/price-point/wp-content/themes/lucian/header-404.php on line 23
[09-Jun-2016 23:10:55 UTC] PHP Fatal error:  Call to undefined function zo_page_class() in /Users/chiragsharma/Documents/sites/price-point/wp-content/themes/lucian/header-404.php on line 23
[09-Jun-2016 23:11:08 UTC] PHP Fatal error:  Call to undefined function zo_page_class() in /Users/chiragsharma/Documents/sites/price-point/wp-content/themes/lucian/header-404.php on line 23
[09-Jun-2016 23:11:27 UTC] PHP Notice:  Trying to get property of non-object in /Users/chiragsharma/Documents/sites/price-point/wp-content/themes/lucian/vc_templates/zo_grid--testimonial.php on line 54
[09-Jun-2016 23:11:33 UTC] PHP Fatal error:  Call to undefined function zo_page_class() in /Users/chiragsharma/Documents/sites/price-point/wp-content/themes/lucian/header-404.php on line 23
[09-Jun-2016 23:11:36 UTC] PHP Fatal error:  Call to undefined function zo_page_class() in /Users/chiragsharma/Documents/sites/price-point/wp-content/themes/lucian/header-404.php on line 23
[09-Jun-2016 23:11:40 UTC] PHP Fatal error:  Call to undefined function zo_page_class() in /Users/chiragsharma/Documents/sites/price-point/wp-content/themes/lucian/header-404.php on line 23
[09-Jun-2016 23:12:13 UTC] PHP Fatal error:  Call to undefined function zo_page_class() in /Users/chiragsharma/Documents/sites/price-point/wp-content/themes/lucian/header-404.php on line 23
[09-Jun-2016 23:12:24 UTC] PHP Fatal error:  Call to undefined function zo_page_class() in /Users/chiragsharma/Documents/sites/price-point/wp-content/themes/lucian/header-404.php on line 23
[09-Jun-2016 23:12:30 UTC] PHP Fatal error:  Call to undefined function zo_page_class() in /Users/chiragsharma/Documents/sites/price-point/wp-content/themes/lucian/header-404.php on line 23
[09-Jun-2016 23:13:04 UTC] PHP Fatal error:  Call to undefined function zo_page_class() in /Users/chiragsharma/Documents/sites/price-point/wp-content/themes/lucian/header-404.php on line 23
[09-Jun-2016 23:16:34 UTC] PHP Fatal error:  Call to undefined function zo_page_class() in /Users/chiragsharma/Documents/sites/price-point/wp-content/themes/lucian/header-404.php on line 23
[09-Jun-2016 23:16:45 UTC] PHP Fatal error:  Call to undefined function zo_page_class() in /Users/chiragsharma/Documents/sites/price-point/wp-content/themes/lucian/header-404.php on line 23
[09-Jun-2016 23:16:54 UTC] PHP Notice:  Trying to get property of non-object in /Users/chiragsharma/Documents/sites/price-point/wp-content/themes/lucian/vc_templates/zo_grid--testimonial.php on line 54
[09-Jun-2016 23:17:10 UTC] PHP Fatal error:  Call to undefined function zo_page_class() in /Users/chiragsharma/Documents/sites/price-point/wp-content/themes/lucian/header-404.php on line 23
[09-Jun-2016 23:22:53 UTC] PHP Notice:  Trying to get property of non-object in /Users/chiragsharma/Documents/sites/price-point/wp-content/themes/lucian/vc_templates/zo_grid--testimonial.php on line 54
[09-Jun-2016 23:28:29 UTC] PHP Notice:  Trying to get property of non-object in /Users/chiragsharma/Documents/sites/price-point/wp-content/themes/lucian/vc_templates/zo_grid--testimonial.php on line 54
[09-Jun-2016 23:36:32 UTC] PHP Notice:  Trying to get property of non-object in /Users/chiragsharma/Documents/sites/price-point/wp-content/themes/lucian/vc_templates/zo_grid--testimonial.php on line 54
[09-Jun-2016 23:59:24 UTC] PHP Fatal error:  Call to undefined function get_fact_sheets_admin_email_body() in /Users/chiragsharma/Documents/sites/price-point/wp-content/themes/lucian/functions.php on line 907
[09-Jun-2016 23:59:39 UTC] PHP Fatal error:  Call to undefined function get_fact_sheets_admin_email_body() in /Users/chiragsharma/Documents/sites/price-point/wp-content/themes/lucian/functions.php on line 907
